::1 - - [21/Nov/2018:20:34:21 +0000] "OPTIONS /api/get-view-content?authLoginTitle&authLoginMessage&authLoginUserid&authLoginPassword HTTP/1.1" 204 0 "-" "Mozilla/5.0 (Windows NT 10.0; Win64; x64) AppleWebKit/537.36 (KHTML, like Gecko) Chrome/70.0.3538.102 Safari/537.36"
::1 - - [21/Nov/2018:20:34:21 +0000] "GET /api/get-view-content?authLoginTitle&authLoginMessage&authLoginUserid&authLoginPassword HTTP/1.1" 304 - "http://localhost:4200/login" "Mozilla/5.0 (Windows NT 10.0; Win64; x64) AppleWebKit/537.36 (KHTML, like Gecko) Chrome/70.0.3538.102 Safari/537.36"
::1 - - [21/Nov/2018:20:34:33 +0000] "OPTIONS /api/authenticate HTTP/1.1" 204 0 "-" "Mozilla/5.0 (Windows NT 10.0; Win64; x64) AppleWebKit/537.36 (KHTML, like Gecko) Chrome/70.0.3538.102 Safari/537.36"
::1 - - [21/Nov/2018:20:34:34 +0000] "POST /api/authenticate HTTP/1.1" 500 72 "http://localhost:4200/login" "Mozilla/5.0 (Windows NT 10.0; Win64; x64) AppleWebKit/537.36 (KHTML, like Gecko) Chrome/70.0.3538.102 Safari/537.36"
::1 - - [21/Nov/2018:20:34:40 +0000] "OPTIONS /api/authenticate HTTP/1.1" 204 0 "-" "Mozilla/5.0 (Windows NT 10.0; Win64; x64) AppleWebKit/537.36 (KHTML, like Gecko) Chrome/70.0.3538.102 Safari/537.36"
::1 - - [21/Nov/2018:20:34:40 +0000] "POST /api/authenticate HTTP/1.1" 500 72 "http://localhost:4200/login" "Mozilla/5.0 (Windows NT 10.0; Win64; x64) AppleWebKit/537.36 (KHTML, like Gecko) Chrome/70.0.3538.102 Safari/537.36"
::1 - - [21/Nov/2018:20:34:48 +0000] "OPTIONS /api/authenticate HTTP/1.1" 204 0 "-" "Mozilla/5.0 (Windows NT 10.0; Win64; x64) AppleWebKit/537.36 (KHTML, like Gecko) Chrome/70.0.3538.102 Safari/537.36"
::1 - - [21/Nov/2018:20:34:48 +0000] "POST /api/authenticate HTTP/1.1" 500 72 "http://localhost:4200/login" "Mozilla/5.0 (Windows NT 10.0; Win64; x64) AppleWebKit/537.36 (KHTML, like Gecko) Chrome/70.0.3538.102 Safari/537.36"
::1 - - [21/Nov/2018:20:38:46 +0000] "OPTIONS /api/authenticate HTTP/1.1" 204 0 "-" "Mozilla/5.0 (Windows NT 10.0; Win64; x64) AppleWebKit/537.36 (KHTML, like Gecko) Chrome/70.0.3538.102 Safari/537.36"
::1 - - [21/Nov/2018:20:38:46 +0000] "POST /api/authenticate HTTP/1.1" 500 72 "http://localhost:4200/login" "Mozilla/5.0 (Windows NT 10.0; Win64; x64) AppleWebKit/537.36 (KHTML, like Gecko) Chrome/70.0.3538.102 Safari/537.36"
::1 - - [21/Nov/2018:20:39:11 +0000] "OPTIONS /api/authenticate HTTP/1.1" 204 0 "-" "Mozilla/5.0 (Windows NT 10.0; Win64; x64) AppleWebKit/537.36 (KHTML, like Gecko) Chrome/70.0.3538.102 Safari/537.36"
::1 - - [21/Nov/2018:20:39:12 +0000] "POST /api/authenticate HTTP/1.1" 500 72 "http://localhost:4200/login" "Mozilla/5.0 (Windows NT 10.0; Win64; x64) AppleWebKit/537.36 (KHTML, like Gecko) Chrome/70.0.3538.102 Safari/537.36"
::1 - - [21/Nov/2018:20:47:45 +0000] "OPTIONS /api/authenticate HTTP/1.1" 204 0 "-" "Mozilla/5.0 (Windows NT 10.0; Win64; x64) AppleWebKit/537.36 (KHTML, like Gecko) Chrome/70.0.3538.102 Safari/537.36"
::1 - - [21/Nov/2018:20:47:46 +0000] "POST /api/authenticate HTTP/1.1" 200 271 "http://localhost:4200/login" "Mozilla/5.0 (Windows NT 10.0; Win64; x64) AppleWebKit/537.36 (KHTML, like Gecko) Chrome/70.0.3538.102 Safari/537.36"
::1 - - [21/Nov/2018:20:47:54 +0000] "OPTIONS /api/customer/31 HTTP/1.1" 204 0 "-" "Mozilla/5.0 (Windows NT 10.0; Win64; x64) AppleWebKit/537.36 (KHTML, like Gecko) Chrome/70.0.3538.102 Safari/537.36"
::1 - - [21/Nov/2018:20:47:54 +0000] "OPTIONS /api/get-view-content?custProfileTitle&custProfileMessage&custProfileFirstName&custProfileLasttName&custProfileEMail HTTP/1.1" 204 0 "-" "Mozilla/5.0 (Windows NT 10.0; Win64; x64) AppleWebKit/537.36 (KHTML, like Gecko) Chrome/70.0.3538.102 Safari/537.36"
::1 - - [21/Nov/2018:20:47:54 +0000] "GET /api/get-view-content?custProfileTitle&custProfileMessage&custProfileFirstName&custProfileLasttName&custProfileEMail HTTP/1.1" 304 - "http://localhost:4200/secure-profile" "Mozilla/5.0 (Windows NT 10.0; Win64; x64) AppleWebKit/537.36 (KHTML, like Gecko) Chrome/70.0.3538.102 Safari/537.36"
::1 - - [21/Nov/2018:20:47:54 +0000] "GET /api/customer/31 HTTP/1.1" 304 - "http://localhost:4200/secure-profile" "Mozilla/5.0 (Windows NT 10.0; Win64; x64) AppleWebKit/537.36 (KHTML, like Gecko) Chrome/70.0.3538.102 Safari/537.36"
::1 - - [21/Nov/2018:20:51:30 +0000] "OPTIONS /api/customer HTTP/1.1" 204 0 "-" "Mozilla/5.0 (Windows NT 10.0; Win64; x64) AppleWebKit/537.36 (KHTML, like Gecko) Chrome/70.0.3538.102 Safari/537.36"
::1 - - [21/Nov/2018:20:51:30 +0000] "PUT /api/customer HTTP/1.1" 200 50 "http://localhost:4200/secure-profile" "Mozilla/5.0 (Windows NT 10.0; Win64; x64) AppleWebKit/537.36 (KHTML, like Gecko) Chrome/70.0.3538.102 Safari/537.36"
::1 - - [21/Nov/2018:20:51:35 +0000] "OPTIONS /api/customer/31 HTTP/1.1" 204 0 "-" "Mozilla/5.0 (Windows NT 10.0; Win64; x64) AppleWebKit/537.36 (KHTML, like Gecko) Chrome/70.0.3538.102 Safari/537.36"
::1 - - [21/Nov/2018:20:51:35 +0000] "OPTIONS /api/get-view-content?custProfileTitle&custProfileMessage&custProfileFirstName&custProfileLasttName&custProfileEMail HTTP/1.1" 204 0 "-" "Mozilla/5.0 (Windows NT 10.0; Win64; x64) AppleWebKit/537.36 (KHTML, like Gecko) Chrome/70.0.3538.102 Safari/537.36"
::1 - - [21/Nov/2018:20:51:35 +0000] "GET /api/get-view-content?custProfileTitle&custProfileMessage&custProfileFirstName&custProfileLasttName&custProfileEMail HTTP/1.1" 304 - "http://localhost:4200/secure-profile" "Mozilla/5.0 (Windows NT 10.0; Win64; x64) AppleWebKit/537.36 (KHTML, like Gecko) Chrome/70.0.3538.102 Safari/537.36"
::1 - - [21/Nov/2018:20:51:35 +0000] "GET /api/customer/31 HTTP/1.1" 200 144 "http://localhost:4200/secure-profile" "Mozilla/5.0 (Windows NT 10.0; Win64; x64) AppleWebKit/537.36 (KHTML, like Gecko) Chrome/70.0.3538.102 Safari/537.36"
::1 - - [24/Nov/2018:16:59:02 +0000] "OPTIONS /api/get-view-content?authLoginTitle&authLoginMessage&authLoginUserid&authLoginPassword HTTP/1.1" 204 0 "-" "Mozilla/5.0 (Windows NT 10.0; Win64; x64) AppleWebKit/537.36 (KHTML, like Gecko) Chrome/70.0.3538.102 Safari/537.36"
::1 - - [24/Nov/2018:16:59:02 +0000] "GET /api/get-view-content?authLoginTitle&authLoginMessage&authLoginUserid&authLoginPassword HTTP/1.1" 200 205 "http://localhost:4200/login" "Mozilla/5.0 (Windows NT 10.0; Win64; x64) AppleWebKit/537.36 (KHTML, like Gecko) Chrome/70.0.3538.102 Safari/537.36"
::1 - - [24/Nov/2018:16:59:10 +0000] "OPTIONS /api/authenticate HTTP/1.1" 204 0 "-" "Mozilla/5.0 (Windows NT 10.0; Win64; x64) AppleWebKit/537.36 (KHTML, like Gecko) Chrome/70.0.3538.102 Safari/537.36"
::1 - - [24/Nov/2018:16:59:11 +0000] "POST /api/authenticate HTTP/1.1" 200 271 "http://localhost:4200/login" "Mozilla/5.0 (Windows NT 10.0; Win64; x64) AppleWebKit/537.36 (KHTML, like Gecko) Chrome/70.0.3538.102 Safari/537.36"
